<?xml version="1.0" encoding="UTF-8"?>
<!-- Generated by org.testng.reporters.JUnitXMLReporter -->
<testsuite hostname="OPTIMUS-89" name="RestNRome Module" tests="5" failures="5" timestamp="31 Jul 2015 09:16:14 GMT" time="70.783" errors="0">
  <testcase name="Signup" time="28.319" classname="com.RestNRoam.RestNRoam.RestNRoamTest">
    <failure type="java.lang.AssertionError" message="null">
      <![CDATA[java.lang.AssertionError: null
	at com.RestNRoam.LoginPage.VerifySignUp(LoginPage.java:60)
	at com.RestNRoam.RestNRoam.RestNRoamTest.Signup(RestNRoamTest.java:21)
... Removed 25 stack frames]]>
    </failure>
  </testcase> <!-- Signup -->
  <testcase name="Login" time="5.518" classname="com.RestNRoam.RestNRoam.RestNRoamTest">
    <failure type="java.lang.AssertionError" message="null">
      <![CDATA[java.lang.AssertionError: null
	at com.RestNRoam.LoginPage.SuccessfulLogin(LoginPage.java:37)
	at com.RestNRoam.RestNRoam.RestNRoamTest.Login(RestNRoamTest.java:30)
... Removed 25 stack frames]]>
    </failure>
  </testcase> <!-- Login -->
  <testcase name="CreatePropertyApartment" time="17.884" classname="com.RestNRoam.RestNRoam.RestNRoamTest">
    <failure type="java.lang.AssertionError" message="null">
      <![CDATA[java.lang.AssertionError: null
	at com.RestNRoam.CreateProperty.VerifyApartment(CreateProperty.java:41)
	at com.RestNRoam.RestNRoam.RestNRoamTest.CreatePropertyApartment(RestNRoamTest.java:39)
... Removed 25 stack frames]]>
    </failure>
  </testcase> <!-- CreatePropertyApartment -->
  <testcase name="CreatePropertyHouse" time="11.703" classname="com.RestNRoam.RestNRoam.RestNRoamTest">
    <failure type="java.lang.AssertionError" message="null">
      <![CDATA[java.lang.AssertionError: null
	at com.RestNRoam.CreateProperty.VerifyHouse(CreateProperty.java:50)
	at com.RestNRoam.RestNRoam.RestNRoamTest.CreatePropertyHouse(RestNRoamTest.java:48)
... Removed 25 stack frames]]>
    </failure>
  </testcase> <!-- CreatePropertyHouse -->
  <testcase name="CreatePropertySavePrices" time="7.352" classname="com.RestNRoam.RestNRoam.RestNRoamTest">
    <failure type="java.lang.AssertionError" message="null">
      <![CDATA[java.lang.AssertionError: null
	at com.RestNRoam.CreateProperty.VerifyBedBreakfast(CreateProperty.java:71)
	at com.RestNRoam.RestNRoam.RestNRoamTest.CreatePropertySavePrices(RestNRoamTest.java:57)
... Removed 25 stack frames]]>
    </failure>
  </testcase> <!-- CreatePropertySavePrices -->
</testsuite> <!-- RestNRome Module -->
