<?xml version="1.0" encoding="UTF-8"?>
<testng-results skipped="0" failed="0" total="1" passed="1">
  <reporter-output>
  </reporter-output>
  <suite name="Default suite" duration-ms="22274" started-at="2015-07-31T09:35:28Z" finished-at="2015-07-31T09:35:50Z">
    <groups>
    </groups>
    <test name="Default test" duration-ms="22274" started-at="2015-07-31T09:35:28Z" finished-at="2015-07-31T09:35:50Z">
      <class name="com.RestNRoam.RestNRoam.RestNRoamTest">
        <test-method status="PASS" signature="CreatePropertySavePrices()[pri:0, instance:com.RestNRoam.RestNRoam.RestNRoamTest@710c2b53]" name="CreatePropertySavePrices" duration-ms="22266" started-at="2015-07-31T15:05:28Z" finished-at="2015-07-31T15:05:50Z">
          <reporter-output>
          </reporter-output>
        </test-method> <!-- CreatePropertySavePrices -->
      </class> <!-- com.RestNRoam.RestNRoam.RestNRoamTest -->
    </test> <!-- Default test -->
  </suite> <!-- Default suite -->
</testng-results>
