<?xml version="1.0" encoding="UTF-8"?>
<!-- Generated by org.testng.reporters.JUnitXMLReporter -->
<testsuite hostname="Vandit" name="Scheduling and Project Module" tests="10" failures="8" timestamp="4 Jun 2015 18:35:21 GMT" time="1431.495" errors="0">
  <testcase name="DefaultUserlogin" time="33.585" classname="com.BGCContracting.scheduling.Projects"/>
  <testcase name="VerifyValidSearchResult" time="181.626" classname="com.BGCContracting.scheduling.Projects">
    <failure type="java.lang.AssertionError" message="null">
      <![CDATA[java.lang.AssertionError: null
	at com.BGCContracting.SchedulingModeSearch.VerifyValidSearch(SchedulingModeSearch.java:41)
	at com.BGCContracting.scheduling.SchedulingMode.VerifyValidSearchResult(SchedulingMode.java:37)
... Removed 25 stack frames]]>
    </failure>
  </testcase> <!-- VerifyValidSearchResult -->
  <testcase name="VerifyInvalidSearchResult" time="181.757" classname="com.BGCContracting.scheduling.Projects"/>
  <testcase name="AddValidSchedule" time="181.332" classname="com.BGCContracting.scheduling.Projects">
    <failure type="java.lang.AssertionError" message="null">
      <![CDATA[java.lang.AssertionError: null
	at com.BGCContracting.SchedulingModeSearch.VerifyValidSearch(SchedulingModeSearch.java:41)
	at com.BGCContracting.scheduling.SchedulingMode.AddValidSchedule(SchedulingMode.java:63)
... Removed 25 stack frames]]>
    </failure>
  </testcase> <!-- AddValidSchedule -->
  <testcase name="AddScheduleInvalidShift" time="181.747" classname="com.BGCContracting.scheduling.Projects">
    <failure type="java.lang.AssertionError" message="null">
      <![CDATA[java.lang.AssertionError: null
	at com.BGCContracting.SchedulingModeSearch.VerifyValidSearch(SchedulingModeSearch.java:41)
	at com.BGCContracting.scheduling.SchedulingMode.AddScheduleInvalidShift(SchedulingMode.java:89)
... Removed 25 stack frames]]>
    </failure>
  </testcase> <!-- AddScheduleInvalidShift -->
  <testcase name="AddScheduleInvalidDay" time="181.715" classname="com.BGCContracting.scheduling.Projects">
    <failure type="java.lang.AssertionError" message="null">
      <![CDATA[java.lang.AssertionError: null
	at com.BGCContracting.SchedulingModeSearch.VerifyValidSearch(SchedulingModeSearch.java:41)
	at com.BGCContracting.scheduling.SchedulingMode.AddScheduleInvalidDay(SchedulingMode.java:107)
... Removed 25 stack frames]]>
    </failure>
  </testcase> <!-- AddScheduleInvalidDay -->
  <testcase name="AddValidSubProject" time="121.589" classname="com.BGCContracting.scheduling.Projects">
    <failure type="java.lang.AssertionError" message="null">
      <![CDATA[java.lang.AssertionError: null
	at com.BGCContracting.Project.VerifyProjectPage(Project.java:20)
	at com.BGCContracting.scheduling.Projects.AddValidSubProject(Projects.java:26)
... Removed 25 stack frames]]>
    </failure>
  </testcase> <!-- AddValidSubProject -->
  <testcase name="AddInValidSubProject" time="121.592" classname="com.BGCContracting.scheduling.Projects">
    <failure type="java.lang.AssertionError" message="null">
      <![CDATA[java.lang.AssertionError: null
	at com.BGCContracting.Project.VerifyProjectPage(Project.java:20)
	at com.BGCContracting.scheduling.Projects.AddInValidSubProject(Projects.java:44)
... Removed 25 stack frames]]>
    </failure>
  </testcase> <!-- AddInValidSubProject -->
  <testcase name="AddValidCrew" time="121.776" classname="com.BGCContracting.scheduling.Projects">
    <failure type="java.lang.AssertionError" message="null">
      <![CDATA[java.lang.AssertionError: null
	at com.BGCContracting.Project.VerifyProjectPage(Project.java:20)
	at com.BGCContracting.scheduling.Projects.AddValidCrew(Projects.java:59)
... Removed 25 stack frames]]>
    </failure>
  </testcase> <!-- AddValidCrew -->
  <testcase name="AddInvalidCrew" time="121.545" classname="com.BGCContracting.scheduling.Projects">
    <failure type="java.lang.AssertionError" message="null">
      <![CDATA[java.lang.AssertionError: null
	at com.BGCContracting.Project.VerifyProjectPage(Project.java:20)
	at com.BGCContracting.scheduling.Projects.AddInvalidCrew(Projects.java:77)
... Removed 25 stack frames]]>
    </failure>
  </testcase> <!-- AddInvalidCrew -->
</testsuite> <!-- Scheduling and Project Module -->
